{
  "RSpec": {
    "coverage": {
      "/var/www/personal/templates/default_template_r8/app/helpers/application_helper.rb": {
        "lines": [
          null,
          null,
          1,
          null
        ]
      },
      "/var/www/personal/templates/default_template_r8/app/models/user.rb": {
        "lines": [
          null,
          null,
          1,
          1,
          null,
          null,
          1,
          null,
          1,
          1,
          null,
          null
        ]
      },
      "/var/www/personal/templates/default_template_r8/app/models/application_record.rb": {
        "lines": [
          null,
          null,
          1,
          1,
          null
        ]
      },
      "/var/www/personal/templates/default_template_r8/app/sidekiq/pg/capture_query_stats_job.rb": {
        "lines": [
          null,
          null,
          1,
          1,
          1,
          null,
          1,
          null,
          1,
          1,
          null,
          null,
          null
        ]
      },
      "/var/www/personal/templates/default_template_r8/app/sidekiq/pg/clear_query_stats_job.rb": {
        "lines": [
          null,
          null,
          1,
          1,
          1,
          null,
          1,
          null,
          1,
          1,
          null,
          null,
          null
        ]
      },
      "/var/www/personal/templates/default_template_r8/app/controllers/application_controller.rb": {
        "lines": [
          null,
          null,
          0,
          0,
          0,
          null,
          0,
          null,
          0,
          null,
          0,
          0,
          null,
          0,
          0,
          0,
          0
        ],
        "branches": {}
      },
      "/var/www/personal/templates/default_template_r8/app/controllers/home_controller.rb": {
        "lines": [
          null,
          null,
          0,
          0,
          0
        ],
        "branches": {}
      },
      "/var/www/personal/templates/default_template_r8/app/jobs/application_job.rb": {
        "lines": [
          null,
          null,
          0,
          null,
          null,
          null,
          null,
          null,
          0
        ],
        "branches": {}
      },
      "/var/www/personal/templates/default_template_r8/app/mailers/application_mailer.rb": {
        "lines": [
          null,
          null,
          0,
          0,
          0,
          0
        ],
        "branches": {}
      }
    },
    "timestamp": 1756815674
  }
}
